Arguments: 
  /usr/bin/node /usr/local/bin/yarn add arctic_admin @fortawesome/fontawesome-free

PATH: 
  /home/hp/.rvm/gems/ruby-3.2.2/bin:/home/hp/.rvm/gems/ruby-3.2.2@global/bin:/home/hp/.rvm/rubies/ruby-3.2.2/bin:/usr/local/sbin:/usr/local/bin:/usr/sbin:/usr/bin:/sbin:/bin:/usr/games:/usr/local/games:/snap/bin:/home/hp/.rvm/bin

Yarn version: 
  1.22.19

Node version: 
  10.19.0

Platform: 
  linux x64

Trace: 
  Error: unable to get local issuer certificate
      at TLSSocket.onConnectSecure (_tls_wrap.js:1058:34)
      at TLSSocket.emit (events.js:198:13)
      at TLSSocket._finishInit (_tls_wrap.js:636:8)

npm manifest: 
  No manifest

yarn manifest: 
  No manifest

Lockfile: 
  No lockfile
